2024-09-04 19:42:24,349 INFO:Starting a new iteration to get tasks and apply to them.
2024-09-04 19:42:26,371 INFO:Nuevas tareas obtenidas correctamente.
2024-09-04 19:42:46,015 INFO:No new jobs to apply for!
2024-09-04 19:44:26,029 INFO:Checking for messages on new tasks.
2024-09-04 19:44:28,854 INFO:Got last notifications correctly!
2024-09-04 19:44:28,897 INFO:Iteration completed, waiting before next cycle. You can quit now!
2024-09-04 19:46:08,903 INFO:Starting a new iteration to get tasks and apply to them.
2024-09-04 19:46:10,887 INFO:Nuevas tareas obtenidas correctamente.
2024-09-04 19:46:31,213 INFO:No new jobs to apply for!
2024-09-04 19:48:11,214 INFO:Checking for messages on new tasks.
2024-09-04 19:48:17,508 INFO:Got last notifications correctly!
2024-09-04 19:48:17,580 INFO:Iteration completed, waiting before next cycle. You can quit now!
2024-09-04 19:49:57,586 INFO:Starting a new iteration to get tasks and apply to them.
2024-09-04 19:49:59,535 INFO:Nuevas tareas obtenidas correctamente.
2024-09-04 19:50:16,228 INFO:No new jobs to apply for!
2024-09-04 19:51:56,243 INFO:Checking for messages on new tasks.
2024-09-04 19:51:58,905 INFO:Got last notifications correctly!
2024-09-04 19:51:58,961 INFO:Iteration completed, waiting before next cycle. You can quit now!
2024-09-04 19:53:38,963 INFO:Starting a new iteration to get tasks and apply to them.
2024-09-04 19:53:41,256 INFO:Nuevas tareas obtenidas correctamente.
2024-09-04 19:53:57,848 INFO:No new jobs to apply for!
2024-09-04 19:55:37,853 INFO:Checking for messages on new tasks.
2024-09-04 19:55:40,180 INFO:Got last notifications correctly!
2024-09-04 19:55:40,230 INFO:Iteration completed, waiting before next cycle. You can quit now!
2024-09-04 19:57:20,232 INFO:Starting a new iteration to get tasks and apply to them.
2024-09-04 19:57:22,178 INFO:Nuevas tareas obtenidas correctamente.
2024-09-04 19:57:40,420 INFO:No new jobs to apply for!
